c:\users\dawid\desktop\lottoapp64\lottoproject\lottoapp\x64\debug\vc141.pdb
c:\users\dawid\desktop\lottoapp64\lottoproject\lottoapp\x64\debug\.netframework,version=v4.6.1.assemblyattributes.obj
c:\users\dawid\desktop\lottoapp64\lottoproject\lottoapp\x64\debug\.netframework,version=v4.6.1.assemblyattributes.asm
c:\users\dawid\desktop\lottoapp64\lottoproject\lottoapp\x64\debug\lottoapp.pch
c:\users\dawid\desktop\lottoapp64\lottoproject\lottoapp\x64\debug\stdafx.obj
c:\users\dawid\desktop\lottoapp64\lottoproject\lottoapp\x64\debug\lotto.obj
c:\users\dawid\desktop\lottoapp64\lottoproject\lottoapp\x64\debug\lottoapp.obj
c:\users\dawid\desktop\lottoapp64\lottoproject\lottoapp\x64\debug\assemblyinfo.obj
c:\users\dawid\desktop\lottoapp64\lottoproject\x64\debug\lottoapp.exe
c:\users\dawid\desktop\lottoapp64\lottoproject\x64\debug\lottoapp.pdb
c:\users\dawid\desktop\lottoapp64\lottoproject\lottoapp\x64\debug\lottoapp.lotto.resources
c:\users\dawid\desktop\lottoapp64\lottoproject\lottoapp\x64\debug\app.res
c:\users\dawid\desktop\lottoapp64\lottoproject\lottoapp\x64\debug\lottoapp.vcxproj.generateresource.cache
c:\users\dawid\desktop\lottoapp64\lottoproject\lottoapp\x64\debug\lottoapp.vcxprojassemblyreference.cache
c:\users\dawid\desktop\lottoapp64\lottoproject\lottoapp\x64\debug\lottoapp.tlog\cl.command.1.tlog
c:\users\dawid\desktop\lottoapp64\lottoproject\lottoapp\x64\debug\lottoapp.tlog\cl.read.1.tlog
c:\users\dawid\desktop\lottoapp64\lottoproject\lottoapp\x64\debug\lottoapp.tlog\cl.write.1.tlog
c:\users\dawid\desktop\lottoapp64\lottoproject\lottoapp\x64\debug\lottoapp.tlog\link.command.1.tlog
c:\users\dawid\desktop\lottoapp64\lottoproject\lottoapp\x64\debug\lottoapp.tlog\link.read.1.tlog
c:\users\dawid\desktop\lottoapp64\lottoproject\lottoapp\x64\debug\lottoapp.tlog\link.write.1.tlog
c:\users\dawid\desktop\lottoapp64\lottoproject\lottoapp\x64\debug\lottoapp.tlog\lottoapp.write.1u.tlog
c:\users\dawid\desktop\lottoapp64\lottoproject\lottoapp\x64\debug\lottoapp.tlog\metagen.read.1.tlog
c:\users\dawid\desktop\lottoapp64\lottoproject\lottoapp\x64\debug\lottoapp.tlog\metagen.write.1.tlog
c:\users\dawid\desktop\lottoapp64\lottoproject\lottoapp\x64\debug\lottoapp.tlog\rc.command.1.tlog
c:\users\dawid\desktop\lottoapp64\lottoproject\lottoapp\x64\debug\lottoapp.tlog\rc.read.1.tlog
c:\users\dawid\desktop\lottoapp64\lottoproject\lottoapp\x64\debug\lottoapp.tlog\rc.write.1.tlog
