c:\users\dawid\documents\github\dawid\projektpk4\space invaders\space invaders\x64\debug\vc141.pdb
c:\users\dawid\documents\github\dawid\projektpk4\space invaders\space invaders\x64\debug\vc141.idb
c:\users\dawid\documents\github\dawid\projektpk4\space invaders\space invaders\x64\debug\submitscores.obj
c:\users\dawid\documents\github\dawid\projektpk4\space invaders\space invaders\x64\debug\menu.obj
c:\users\dawid\documents\github\dawid\projektpk4\space invaders\space invaders\x64\debug\mainmenu.obj
c:\users\dawid\documents\github\dawid\projektpk4\space invaders\space invaders\x64\debug\main.obj
c:\users\dawid\documents\github\dawid\projektpk4\space invaders\space invaders\x64\debug\highscores.obj
c:\users\dawid\documents\github\dawid\projektpk4\space invaders\space invaders\x64\debug\gameover.obj
c:\users\dawid\documents\github\dawid\projektpk4\space invaders\space invaders\x64\debug\player.obj
c:\users\dawid\documents\github\dawid\projektpk4\space invaders\space invaders\x64\debug\bullet.obj
c:\users\dawid\documents\github\dawid\projektpk4\space invaders\space invaders\x64\debug\live.obj
c:\users\dawid\documents\github\dawid\projektpk4\space invaders\space invaders\x64\debug\game.obj
c:\users\dawid\documents\github\dawid\projektpk4\space invaders\space invaders\x64\debug\shield.obj
c:\users\dawid\documents\github\dawid\projektpk4\space invaders\space invaders\x64\debug\ui.obj
c:\users\dawid\documents\github\dawid\projektpk4\space invaders\space invaders\x64\debug\texts.obj
c:\users\dawid\documents\github\dawid\projektpk4\space invaders\space invaders\x64\debug\life.obj
c:\users\dawid\documents\github\dawid\projektpk4\space invaders\space invaders\x64\debug\enemy.obj
c:\users\dawid\documents\github\dawid\projektpk4\space invaders\x64\debug\space invaders.exe
c:\users\dawid\documents\github\dawid\projektpk4\space invaders\x64\debug\space invaders.ilk
c:\users\dawid\documents\github\dawid\projektpk4\space invaders\x64\debug\space invaders.pdb
c:\users\dawid\documents\github\dawid\projektpk4\space invaders\space invaders\x64\debug\game.obj.enc
c:\users\dawid\documents\github\dawid\projektpk4\space invaders\space invaders\x64\debug\space invaders.tlog\cl.command.1.tlog
c:\users\dawid\documents\github\dawid\projektpk4\space invaders\space invaders\x64\debug\space invaders.tlog\cl.read.1.tlog
c:\users\dawid\documents\github\dawid\projektpk4\space invaders\space invaders\x64\debug\space invaders.tlog\cl.write.1.tlog
c:\users\dawid\documents\github\dawid\projektpk4\space invaders\space invaders\x64\debug\space invaders.tlog\link.command.1.tlog
c:\users\dawid\documents\github\dawid\projektpk4\space invaders\space invaders\x64\debug\space invaders.tlog\link.read.1.tlog
c:\users\dawid\documents\github\dawid\projektpk4\space invaders\space invaders\x64\debug\space invaders.tlog\link.write.1.tlog
