c:\users\dawid\desktop\lottoapp64\lottoproject\lottoapp\x64\release\lottoapp.pch
c:\users\dawid\desktop\lottoapp64\lottoproject\lottoapp\x64\release\vc141.pdb
c:\users\dawid\desktop\lottoapp64\lottoproject\lottoapp\x64\release\stdafx.obj
c:\users\dawid\desktop\lottoapp64\lottoproject\lottoapp\x64\release\lottoapp.obj
c:\users\dawid\desktop\lottoapp64\lottoproject\lottoapp\x64\release\lotto.obj
c:\users\dawid\desktop\lottoapp64\lottoproject\lottoapp\x64\release\assemblyinfo.obj
c:\users\dawid\desktop\lottoapp64\lottoproject\lottoapp\x64\release\.netframework,version=v4.6.1.assemblyattributes.obj
c:\users\dawid\desktop\lottoapp64\lottoproject\lottoapp\x64\release\.netframework,version=v4.6.1.assemblyattributes.asm
c:\users\dawid\desktop\lottoapp64\lottoproject\lottoapp\x64\release\lottoapp.lotto.resources
c:\users\dawid\desktop\lottoapp64\lottoproject\lottoapp\x64\release\app.res
c:\users\dawid\desktop\lottoapp64\lottoproject\lottoapp\x64\release\lottoapp.vcxproj.generateresource.cache
c:\users\dawid\desktop\lottoapp64\lottoproject\x64\release\lottoapp.exe
c:\users\dawid\desktop\lottoapp64\lottoproject\lottoapp\x64\release\lottoapp.tlog\cl.command.1.tlog
c:\users\dawid\desktop\lottoapp64\lottoproject\lottoapp\x64\release\lottoapp.tlog\cl.read.1.tlog
c:\users\dawid\desktop\lottoapp64\lottoproject\lottoapp\x64\release\lottoapp.tlog\cl.write.1.tlog
c:\users\dawid\desktop\lottoapp64\lottoproject\lottoapp\x64\release\lottoapp.tlog\link.command.1.tlog
c:\users\dawid\desktop\lottoapp64\lottoproject\lottoapp\x64\release\lottoapp.tlog\link.read.1.tlog
c:\users\dawid\desktop\lottoapp64\lottoproject\lottoapp\x64\release\lottoapp.tlog\lottoapp.write.1u.tlog
c:\users\dawid\desktop\lottoapp64\lottoproject\lottoapp\x64\release\lottoapp.tlog\metagen.read.1.tlog
c:\users\dawid\desktop\lottoapp64\lottoproject\lottoapp\x64\release\lottoapp.tlog\metagen.write.1.tlog
c:\users\dawid\desktop\lottoapp64\lottoproject\lottoapp\x64\release\lottoapp.tlog\rc.command.1.tlog
c:\users\dawid\desktop\lottoapp64\lottoproject\lottoapp\x64\release\lottoapp.tlog\rc.read.1.tlog
c:\users\dawid\desktop\lottoapp64\lottoproject\lottoapp\x64\release\lottoapp.tlog\rc.write.1.tlog
