c:\users\dawid\source\repos\siema\lottoproject\lottoapp\debug\lottoapp.pch
c:\users\dawid\source\repos\siema\lottoproject\lottoapp\debug\vc141.pdb
c:\users\dawid\source\repos\siema\lottoproject\lottoapp\debug\stdafx.obj
c:\users\dawid\source\repos\siema\lottoproject\lottoapp\debug\lottoapp.obj
c:\users\dawid\source\repos\siema\lottoproject\lottoapp\debug\lotto.obj
c:\users\dawid\source\repos\siema\lottoproject\lottoapp\debug\assemblyinfo.obj
c:\users\dawid\source\repos\siema\lottoproject\lottoapp\debug\.netframework,version=v4.6.1.assemblyattributes.obj
c:\users\dawid\source\repos\siema\lottoproject\lottoapp\debug\.netframework,version=v4.6.1.assemblyattributes.asm
c:\users\dawid\source\repos\siema\lottoproject\debug\lottoapp.exe
c:\users\dawid\source\repos\siema\lottoproject\debug\lottoapp.pdb
c:\users\dawid\source\repos\siema\lottoproject\lottoapp\debug\lottoapp.lotto.resources
c:\users\dawid\source\repos\siema\lottoproject\lottoapp\debug\app.res
c:\users\dawid\source\repos\siema\lottoproject\lottoapp\debug\lottoapp.vcxproj.generateresource.cache
c:\users\dawid\source\repos\siema\lottoproject\lottoapp\debug\lottoapp.tlog\cl.command.1.tlog
c:\users\dawid\source\repos\siema\lottoproject\lottoapp\debug\lottoapp.tlog\cl.read.1.tlog
c:\users\dawid\source\repos\siema\lottoproject\lottoapp\debug\lottoapp.tlog\cl.write.1.tlog
c:\users\dawid\source\repos\siema\lottoproject\lottoapp\debug\lottoapp.tlog\link.command.1.tlog
c:\users\dawid\source\repos\siema\lottoproject\lottoapp\debug\lottoapp.tlog\link.read.1.tlog
c:\users\dawid\source\repos\siema\lottoproject\lottoapp\debug\lottoapp.tlog\link.write.1.tlog
c:\users\dawid\source\repos\siema\lottoproject\lottoapp\debug\lottoapp.tlog\lottoapp.write.1u.tlog
c:\users\dawid\source\repos\siema\lottoproject\lottoapp\debug\lottoapp.tlog\metagen.read.1.tlog
c:\users\dawid\source\repos\siema\lottoproject\lottoapp\debug\lottoapp.tlog\metagen.write.1.tlog
c:\users\dawid\source\repos\siema\lottoproject\lottoapp\debug\lottoapp.tlog\rc.command.1.tlog
c:\users\dawid\source\repos\siema\lottoproject\lottoapp\debug\lottoapp.tlog\rc.read.1.tlog
c:\users\dawid\source\repos\siema\lottoproject\lottoapp\debug\lottoapp.tlog\rc.write.1.tlog
